<?xml version="1.0" encoding="UTF-8"?>
<!-- Generated by org.testng.reporters.JUnitXMLReporter -->
<testsuite ignored="4" hostname="DESKTOP-56QICGD" failures="0" tests="4" name="Test2" time="110.187" errors="0" timestamp="2025-10-04T08:56:19 IST">
  <testcase classname="campaigntest.CreateCampaignTest" name="CreateCampaignWithExpectedCloseDate" time="7.32"/>
  <testcase classname="campaigntest.CreateCampaignTest" name="CreateCampaignWithMandatoryFields" time="1.767"/>
  <testcase classname="campaigntest.CreateCampaignTest" name="CreateCampaignWithStatus" time="4.714"/>
  <testcase classname="contacttest.CreateContactTest" name="createContactWithMandatoryFields" time="13.66"/>
  <testcase classname="genericutility.BaseClass" name="@BeforeSuite beforeSuite" time="0.0">
    <ignored/>
  </testcase> <!-- @BeforeSuite beforeSuite -->
  <testcase classname="genericutility.BaseClass" name="@BeforeTest beforeTest" time="0.0">
    <ignored/>
  </testcase> <!-- @BeforeTest beforeTest -->
  <testcase classname="genericutility.BaseClass" name="@AfterTest afterTest" time="0.0">
    <ignored/>
  </testcase> <!-- @AfterTest afterTest -->
  <testcase classname="genericutility.BaseClass" name="@AfterSuite afterSuite" time="0.0">
    <ignored/>
  </testcase> <!-- @AfterSuite afterSuite -->
</testsuite> <!-- Test2 -->
